app/build/outputs/logs/manifest-merger-debug-report.txt
-- Merging decision tree log ---
manifest
ADDED from src/main/AndroidManifest.xml:18:1-49:12
INJECTED from src/main/AndroidManifest.xml:18:1-49:12
MERGED from [com.google.android.things.contrib:driver-rainbowhat:0.9] AndroidManifest.xml:17:1-32:12
MERGED from [org.tensorflow:tensorflow-lite:0.1.1] AndroidManifest.xml:2:1-6:12
MERGED from [com.google.android.things.contrib:driver-apa102:0.5] AndroidManifest.xml:17:1-32:12
MERGED from [com.google.android.things.contrib:driver-button:0.5] AndroidManifest.xml:17:1-32:12
MERGED from [com.google.android.things.contrib:driver-bmx280:0.4] AndroidManifest.xml:17:1-32:12
MERGED from [com.google.android.things.contrib:driver-ht16k33:0.4] AndroidManifest.xml:17:1-32:12
MERGED from [com.google.android.things.contrib:driver-pwmspeaker:0.3] AndroidManifest.xml:17:1-32:12
MERGED from [com.google.android.things.contrib:driver-pwmservo:0.3] AndroidManifest.xml:17:1-32:12
INJECTED from src/main/AndroidManifest.xml:18:1-49:12
	package
		ADDED from src/main/AndroidManifest.xml:19:5-56
		INJECTED from src/main/AndroidManifest.xml
		INJECTED from src/main/AndroidManifest.xml
	xmlns:android
		ADDED from src/main/AndroidManifest.xml:18:11-69
uses-permission#android.permission.READ_EXTERNAL_STORAGE
ADDED from src/main/AndroidManifest.xml:21:5-79
	android:name
		ADDED from src/main/AndroidManifest.xml:21:22-77
uses-permission#android.permission.CAMERA
ADDED from src/main/AndroidManifest.xml:23:5-64
	android:name
		ADDED from src/main/AndroidManifest.xml:23:22-62
uses-permission#com.google.android.things.permission.MANAGE_INPUT_DRIVERS
ADDED from src/main/AndroidManifest.xml:25:5-97
	android:name
		ADDED from src/main/AndroidManifest.xml:25:22-94
application
ADDED from src/main/AndroidManifest.xml:27:5-47:19
MERGED from [com.google.android.things.contrib:driver-rainbowhat:0.9] AndroidManifest.xml:26:5-30:19
MERGED from [com.google.android.things.contrib:driver-rainbowhat:0.9] AndroidManifest.xml:26:5-30:19
MERGED from [org.tensorflow:tensorflow-lite:0.1.1] AndroidManifest.xml:4:45-5:18
MERGED from [org.tensorflow:tensorflow-lite:0.1.1] AndroidManifest.xml:4:45-5:18
MERGED from [com.google.android.things.contrib:driver-apa102:0.5] AndroidManifest.xml:26:5-30:19
MERGED from [com.google.android.things.contrib:driver-apa102:0.5] AndroidManifest.xml:26:5-30:19
MERGED from [com.google.android.things.contrib:driver-button:0.5] AndroidManifest.xml:26:5-30:19
MERGED from [com.google.android.things.contrib:driver-button:0.5] AndroidManifest.xml:26:5-30:19
MERGED from [com.google.android.things.contrib:driver-bmx280:0.4] AndroidManifest.xml:26:5-30:19
MERGED from [com.google.android.things.contrib:driver-bmx280:0.4] AndroidManifest.xml:26:5-30:19
MERGED from [com.google.android.things.contrib:driver-ht16k33:0.4] AndroidManifest.xml:26:5-30:19
MERGED from [com.google.android.things.contrib:driver-ht16k33:0.4] AndroidManifest.xml:26:5-30:19
MERGED from [com.google.android.things.contrib:driver-pwmspeaker:0.3] AndroidManifest.xml:26:5-30:19
MERGED from [com.google.android.things.contrib:driver-pwmspeaker:0.3] AndroidManifest.xml:26:5-30:19
MERGED from [com.google.android.things.contrib:driver-pwmservo:0.3] AndroidManifest.xml:26:5-30:19
MERGED from [com.google.android.things.contrib:driver-pwmservo:0.3] AndroidManifest.xml:26:5-30:19
	android:label
		ADDED from src/main/AndroidManifest.xml:28:9-41
	android:icon
		ADDED from src/main/AndroidManifest.xml:29:9-58
	android:allowBackup
		ADDED from src/main/AndroidManifest.xml:27:18-44
	android:theme
		ADDED from src/main/AndroidManifest.xml:30:9-67
activity#com.example.androidthings.imageclassifier.ImageClassifierActivity
ADDED from src/main/AndroidManifest.xml:32:9-46:20
	android:screenOrientation
		ADDED from src/main/AndroidManifest.xml:33:13-50
	android:label
		ADDED from src/main/AndroidManifest.xml:34:13-45
	android:name
		ADDED from src/main/AndroidManifest.xml:32:19-58
intent-filter#android.intent.action.MAIN+android.intent.category.LAUNCHER
ADDED from src/main/AndroidManifest.xml:35:13-38:29
action#android.intent.action.MAIN
ADDED from src/main/AndroidManifest.xml:36:17-69
	android:name
		ADDED from src/main/AndroidManifest.xml:36:25-66
category#android.intent.category.LAUNCHER
ADDED from src/main/AndroidManifest.xml:37:17-77
	android:name
		ADDED from src/main/AndroidManifest.xml:37:27-74
intent-filter#android.intent.action.MAIN+android.intent.category.DEFAULT+android.intent.category.IOT_LAUNCHER
ADDED from src/main/AndroidManifest.xml:41:13-45:29
category#android.intent.category.IOT_LAUNCHER
ADDED from src/main/AndroidManifest.xml:43:17-80
	android:name
		ADDED from src/main/AndroidManifest.xml:43:27-78
category#android.intent.category.DEFAULT
ADDED from src/main/AndroidManifest.xml:44:17-75
	android:name
		ADDED from src/main/AndroidManifest.xml:44:27-73
uses-sdk
INJECTED from src/main/AndroidManifest.xml reason: use-sdk injection requested
INJECTED from src/main/AndroidManifest.xml
INJECTED from src/main/AndroidManifest.xml
MERGED from [com.google.android.things.contrib:driver-rainbowhat:0.9] AndroidManifest.xml:22:5-24:41
MERGED from [com.google.android.things.contrib:driver-rainbowhat:0.9] AndroidManifest.xml:22:5-24:41
MERGED from [org.tensorflow:tensorflow-lite:0.1.1] AndroidManifest.xml:4:4-45
MERGED from [org.tensorflow:tensorflow-lite:0.1.1] AndroidManifest.xml:4:4-45
MERGED from [com.google.android.things.contrib:driver-apa102:0.5] AndroidManifest.xml:22:5-24:41
MERGED from [com.google.android.things.contrib:driver-apa102:0.5] AndroidManifest.xml:22:5-24:41
MERGED from [com.google.android.things.contrib:driver-button:0.5] AndroidManifest.xml:22:5-24:41
MERGED from [com.google.android.things.contrib:driver-button:0.5] AndroidManifest.xml:22:5-24:41
MERGED from [com.google.android.things.contrib:driver-bmx280:0.4] AndroidManifest.xml:22:5-24:41
MERGED from [com.google.android.things.contrib:driver-bmx280:0.4] AndroidManifest.xml:22:5-24:41
MERGED from [com.google.android.things.contrib:driver-ht16k33:0.4] AndroidManifest.xml:22:5-24:41
MERGED from [com.google.android.things.contrib:driver-ht16k33:0.4] AndroidManifest.xml:22:5-24:41
MERGED from [com.google.android.things.contrib:driver-pwmspeaker:0.3] AndroidManifest.xml:22:5-24:41
MERGED from [com.google.android.things.contrib:driver-pwmspeaker:0.3] AndroidManifest.xml:22:5-24:41
MERGED from [com.google.android.things.contrib:driver-pwmservo:0.3] AndroidManifest.xml:22:5-24:41
MERGED from [com.google.android.things.contrib:driver-pwmservo:0.3] AndroidManifest.xml:22:5-24:41
INJECTED from src/main/AndroidManifest.xml
INJECTED from src/main/AndroidManifest.xml
	android:targetSdkVersion
		INJECTED from src/main/AndroidManifest.xml
		ADDED from src/main/AndroidManifest.xml
		INJECTED from src/main/AndroidManifest.xml
	android:minSdkVersion
		INJECTED from src/main/AndroidManifest.xml
		ADDED from src/main/AndroidManifest.xml
		MERGED from src/main/AndroidManifest.xml
		INJECTED from src/main/AndroidManifest.xml
uses-library#com.google.android.things
ADDED from [com.google.android.things.contrib:driver-rainbowhat:0.9] AndroidManifest.xml:27:9-29:40
MERGED from [com.google.android.things.contrib:driver-apa102:0.5] AndroidManifest.xml:27:9-29:40
MERGED from [com.google.android.things.contrib:driver-apa102:0.5] AndroidManifest.xml:27:9-29:40
MERGED from [com.google.android.things.contrib:driver-button:0.5] AndroidManifest.xml:27:9-29:40
MERGED from [com.google.android.things.contrib:driver-button:0.5] AndroidManifest.xml:27:9-29:40
MERGED from [com.google.android.things.contrib:driver-bmx280:0.4] AndroidManifest.xml:27:9-29:40
MERGED from [com.google.android.things.contrib:driver-bmx280:0.4] AndroidManifest.xml:27:9-29:40
MERGED from [com.google.android.things.contrib:driver-ht16k33:0.4] AndroidManifest.xml:27:9-29:40
MERGED from [com.google.android.things.contrib:driver-ht16k33:0.4] AndroidManifest.xml:27:9-29:40
MERGED from [com.google.android.things.contrib:driver-pwmspeaker:0.3] AndroidManifest.xml:27:9-29:40
MERGED from [com.google.android.things.contrib:driver-pwmspeaker:0.3] AndroidManifest.xml:27:9-29:40
MERGED from [com.google.android.things.contrib:driver-pwmservo:0.3] AndroidManifest.xml:27:9-29:40
MERGED from [com.google.android.things.contrib:driver-pwmservo:0.3] AndroidManifest.xml:27:9-29:40
	android:required
		ADDED from [com.google.android.things.contrib:driver-rainbowhat:0.9] AndroidManifest.xml:29:13-37
	android:name
		ADDED from [com.google.android.things.contrib:driver-rainbowhat:0.9] AndroidManifest.xml:28:13-53